#-----------------------------------------------------------
# Vivado v2018.2 (64-bit)
# SW Build 2258646 on Thu Jun 14 20:02:38 MDT 2018
# IP Build 2256618 on Thu Jun 14 22:10:49 MDT 2018
# Start of session at: Wed Sep 26 13:36:20 2018
# Process ID: 2875
# Current directory: /home/comparch/Desktop/Lab0
# Command line: vivado
# Log file: /home/comparch/Desktop/Lab0/vivado.log
# Journal file: /home/comparch/Desktop/Lab0/vivado.jou
#-----------------------------------------------------------
start_gui
open_project /home/comparch/Desktop/Lab0/lab_0/lab_0.xpr
Scanning sources...
Finished scanning sources
INFO: [IP_Flow 19-234] Refreshing IP repositories
INFO: [IP_Flow 19-1704] No user IP repositories specified
INFO: [IP_Flow 19-2313] Loaded Vivado IP repository '/opt/Xilinx/Vivado/2018.2/data/ip'.
open_project: Time (s): cpu = 00:00:14 ; elapsed = 00:00:08 . Memory (MB): peak = 6107.176 ; gain = 107.191 ; free physical = 7407 ; free virtual = 9963
add_files -fileset constrs_1 -norecurse /home/comparch/Desktop/Lab0/ZYBO_Master.xdc
import_files -fileset constrs_1 -force /home/comparch/Desktop/Lab0/ZYBO_Master.xdc
import_files -norecurse /home/comparch/Desktop/Lab0/lab0_wrapper.v
update_compile_order -fileset sources_1
launch_runs synth_1
[Wed Sep 26 13:39:55 2018] Launched synth_1...
Run output will be captured here: /home/comparch/Desktop/Lab0/lab_0/lab_0.runs/synth_1/runme.log
import_files -force -norecurse {/home/comparch/Desktop/Lab0/lab0_wrapper.v /home/comparch/Desktop/Lab0/adder.v}
update_compile_order -fileset sources_1
reset_run synth_1
launch_runs synth_1
WARNING: [HDL 9-2994] overwriting previous definition of module behavioralFullAdder [adder.v:8]
WARNING: [HDL 9-2994] overwriting previous definition of module FullAdder [adder.v:21]
WARNING: [HDL 9-2994] overwriting previous definition of module FullAdder4bit [adder.v:41]
WARNING: [filemgmt 20-1318] Duplicate Design Unit 'behavioralFullAdder()' found in library 'xil_defaultlib'
Duplicate found at line 8 of file /home/comparch/Desktop/Lab0/lab_0/lab_0.srcs/sources_1/imports/Lab0/adder.v
Duplicate found at line 8 of file /home/comparch/Desktop/Lab0/lab_0/lab_0.srcs/sources_1/imports/Lab0/lab0_wrapper.v
WARNING: [filemgmt 20-1318] Duplicate Design Unit 'FullAdder()' found in library 'xil_defaultlib'
Duplicate found at line 21 of file /home/comparch/Desktop/Lab0/lab_0/lab_0.srcs/sources_1/imports/Lab0/adder.v
Duplicate found at line 21 of file /home/comparch/Desktop/Lab0/lab_0/lab_0.srcs/sources_1/imports/Lab0/lab0_wrapper.v
WARNING: [filemgmt 20-1318] Duplicate Design Unit 'FullAdder4bit()' found in library 'xil_defaultlib'
Duplicate found at line 41 of file /home/comparch/Desktop/Lab0/lab_0/lab_0.srcs/sources_1/imports/Lab0/adder.v
Duplicate found at line 41 of file /home/comparch/Desktop/Lab0/lab_0/lab_0.srcs/sources_1/imports/Lab0/lab0_wrapper.v
[Wed Sep 26 13:41:11 2018] Launched synth_1...
Run output will be captured here: /home/comparch/Desktop/Lab0/lab_0/lab_0.runs/synth_1/runme.log
import_files -force -norecurse {/home/comparch/Desktop/Lab0/lab0_wrapper.v /home/comparch/Desktop/Lab0/adder.v}
reset_run synth_1
launch_runs synth_1
WARNING: [HDL 9-2994] overwriting previous definition of module behavioralFullAdder [adder.v:8]
WARNING: [HDL 9-2994] overwriting previous definition of module FullAdder [adder.v:21]
WARNING: [HDL 9-2994] overwriting previous definition of module FullAdder4bit [adder.v:41]
WARNING: [filemgmt 20-1318] Duplicate Design Unit 'behavioralFullAdder()' found in library 'xil_defaultlib'
Duplicate found at line 8 of file /home/comparch/Desktop/Lab0/lab_0/lab_0.srcs/sources_1/imports/Lab0/adder.v
Duplicate found at line 8 of file /home/comparch/Desktop/Lab0/lab_0/lab_0.srcs/sources_1/imports/Lab0/lab0_wrapper.v
WARNING: [filemgmt 20-1318] Duplicate Design Unit 'FullAdder()' found in library 'xil_defaultlib'
Duplicate found at line 21 of file /home/comparch/Desktop/Lab0/lab_0/lab_0.srcs/sources_1/imports/Lab0/adder.v
Duplicate found at line 21 of file /home/comparch/Desktop/Lab0/lab_0/lab_0.srcs/sources_1/imports/Lab0/lab0_wrapper.v
WARNING: [filemgmt 20-1318] Duplicate Design Unit 'FullAdder4bit()' found in library 'xil_defaultlib'
Duplicate found at line 41 of file /home/comparch/Desktop/Lab0/lab_0/lab_0.srcs/sources_1/imports/Lab0/adder.v
Duplicate found at line 41 of file /home/comparch/Desktop/Lab0/lab_0/lab_0.srcs/sources_1/imports/Lab0/lab0_wrapper.v
[Wed Sep 26 13:48:07 2018] Launched synth_1...
Run output will be captured here: /home/comparch/Desktop/Lab0/lab_0/lab_0.runs/synth_1/runme.log
import_files -force -norecurse {/home/comparch/Desktop/Lab0/lab0_wrapper.v /home/comparch/Desktop/Lab0/adder.v}
update_compile_order -fileset sources_1
reset_run synth_1
launch_runs synth_1
WARNING: [HDL 9-2994] overwriting previous definition of module behavioralFullAdder [adder.v:9]
WARNING: [HDL 9-2994] overwriting previous definition of module FullAdder [adder.v:22]
WARNING: [HDL 9-2994] overwriting previous definition of module FullAdderBegin [adder.v:42]
WARNING: [HDL 9-2994] overwriting previous definition of module FullAdder4bit [adder.v:58]
WARNING: [filemgmt 20-1318] Duplicate Design Unit 'behavioralFullAdder()' found in library 'xil_defaultlib'
Duplicate found at line 9 of file /home/comparch/Desktop/Lab0/lab_0/lab_0.srcs/sources_1/imports/Lab0/adder.v
Duplicate found at line 9 of file /home/comparch/Desktop/Lab0/lab_0/lab_0.srcs/sources_1/imports/Lab0/lab0_wrapper.v
WARNING: [filemgmt 20-1318] Duplicate Design Unit 'FullAdder()' found in library 'xil_defaultlib'
Duplicate found at line 22 of file /home/comparch/Desktop/Lab0/lab_0/lab_0.srcs/sources_1/imports/Lab0/adder.v
Duplicate found at line 22 of file /home/comparch/Desktop/Lab0/lab_0/lab_0.srcs/sources_1/imports/Lab0/lab0_wrapper.v
WARNING: [filemgmt 20-1318] Duplicate Design Unit 'FullAdderBegin()' found in library 'xil_defaultlib'
Duplicate found at line 42 of file /home/comparch/Desktop/Lab0/lab_0/lab_0.srcs/sources_1/imports/Lab0/adder.v
Duplicate found at line 42 of file /home/comparch/Desktop/Lab0/lab_0/lab_0.srcs/sources_1/imports/Lab0/lab0_wrapper.v
WARNING: [filemgmt 20-1318] Duplicate Design Unit 'FullAdder4bit()' found in library 'xil_defaultlib'
Duplicate found at line 58 of file /home/comparch/Desktop/Lab0/lab_0/lab_0.srcs/sources_1/imports/Lab0/adder.v
Duplicate found at line 58 of file /home/comparch/Desktop/Lab0/lab_0/lab_0.srcs/sources_1/imports/Lab0/lab0_wrapper.v
[Wed Sep 26 13:54:57 2018] Launched synth_1...
Run output will be captured here: /home/comparch/Desktop/Lab0/lab_0/lab_0.runs/synth_1/runme.log
launch_runs impl_1
[Wed Sep 26 13:56:37 2018] Launched impl_1...
Run output will be captured here: /home/comparch/Desktop/Lab0/lab_0/lab_0.runs/impl_1/runme.log
launch_runs impl_1 -to_step write_bitstream
[Wed Sep 26 13:59:08 2018] Launched impl_1...
Run output will be captured here: /home/comparch/Desktop/Lab0/lab_0/lab_0.runs/impl_1/runme.log
open_run impl_1
INFO: [Netlist 29-17] Analyzing 9 Unisim elements for replacement
INFO: [Netlist 29-28] Unisim Transformation completed in 0 CPU seconds
INFO: [Project 1-479] Netlist was created with Vivado 2018.2
INFO: [Device 21-403] Loading part xc7z010clg400-1
INFO: [Common 17-41] Interrupt caught. Command should exit soon.
open_run: Time (s): cpu = 00:00:11 ; elapsed = 00:00:33 . Memory (MB): peak = 6386.457 ; gain = 132.566 ; free physical = 6478 ; free virtual = 9307
INFO: [Common 17-344] 'open_run' was cancelled
open_hw
connect_hw_server
INFO: [Labtools 27-2285] Connecting to hw_server url TCP:localhost:3121
INFO: [Labtools 27-2222] Launching hw_server...
INFO: [Labtools 27-2221] Launch Output:

****** Xilinx hw_server v2018.2
  **** Build date : Jun 14 2018-20:18:37
    ** Copyright 1986-2018 Xilinx, Inc. All Rights Reserved.


open_hw_target
INFO: [Labtoolstcl 44-466] Opening hw_target localhost:3121/xilinx_tcf/Digilent/210279652041A
open_hw_target: Time (s): cpu = 00:00:04 ; elapsed = 00:00:07 . Memory (MB): peak = 6961.395 ; gain = 540.031 ; free physical = 5871 ; free virtual = 8720
set_property PROGRAM.FILE {/home/comparch/Desktop/Lab0/lab_0/lab_0.runs/impl_1/lab0_wrapper.bit} [get_hw_devices xc7z010_1]
current_hw_device [get_hw_devices xc7z010_1]
refresh_hw_device -update_hw_probes false [lindex [get_hw_devices xc7z010_1] 0]
INFO: [Labtools 27-1434] Device xc7z010 (JTAG device index = 1) is programmed with a design that has no supported debug core(s) in it.
WARNING: [Labtools 27-3361] The debug hub core was not detected.
Resolution: 
1. Make sure the clock connected to the debug hub (dbg_hub) core is a free running clock and is active.
2. Make sure the BSCAN_SWITCH_USER_MASK device property in Vivado Hardware Manager reflects the user scan chain setting in the design and refresh the device.  To determine the user scan chain setting in the design, open the implemented design and use 'get_property C_USER_SCAN_CHAIN [get_debug_cores dbg_hub]'.
For more details on setting the scan chain property, consult the Vivado Debug and Programming User Guide (UG908).
set_property PROBES.FILE {} [get_hw_devices xc7z010_1]
set_property FULL_PROBES.FILE {} [get_hw_devices xc7z010_1]
set_property PROGRAM.FILE {/home/comparch/Desktop/Lab0/lab_0/lab_0.runs/impl_1/lab0_wrapper.bit} [get_hw_devices xc7z010_1]
program_hw_devices [get_hw_devices xc7z010_1]
INFO: [Labtools 27-3164] End of startup status: HIGH
refresh_hw_device [lindex [get_hw_devices xc7z010_1] 0]
INFO: [Labtools 27-1434] Device xc7z010 (JTAG device index = 1) is programmed with a design that has no supported debug core(s) in it.
WARNING: [Labtools 27-3361] The debug hub core was not detected.
Resolution: 
1. Make sure the clock connected to the debug hub (dbg_hub) core is a free running clock and is active.
2. Make sure the BSCAN_SWITCH_USER_MASK device property in Vivado Hardware Manager reflects the user scan chain setting in the design and refresh the device.  To determine the user scan chain setting in the design, open the implemented design and use 'get_property C_USER_SCAN_CHAIN [get_debug_cores dbg_hub]'.
For more details on setting the scan chain property, consult the Vivado Debug and Programming User Guide (UG908).
set_property PROBES.FILE {} [get_hw_devices xc7z010_1]
set_property FULL_PROBES.FILE {} [get_hw_devices xc7z010_1]
set_property PROGRAM.FILE {/home/comparch/Desktop/Lab0/lab_0/lab_0.runs/impl_1/lab0_wrapper.bit} [get_hw_devices xc7z010_1]
program_hw_devices [get_hw_devices xc7z010_1]
INFO: [Labtools 27-3164] End of startup status: HIGH
refresh_hw_device [lindex [get_hw_devices xc7z010_1] 0]
INFO: [Labtools 27-1434] Device xc7z010 (JTAG device index = 1) is programmed with a design that has no supported debug core(s) in it.
WARNING: [Labtools 27-3361] The debug hub core was not detected.
Resolution: 
1. Make sure the clock connected to the debug hub (dbg_hub) core is a free running clock and is active.
2. Make sure the BSCAN_SWITCH_USER_MASK device property in Vivado Hardware Manager reflects the user scan chain setting in the design and refresh the device.  To determine the user scan chain setting in the design, open the implemented design and use 'get_property C_USER_SCAN_CHAIN [get_debug_cores dbg_hub]'.
For more details on setting the scan chain property, consult the Vivado Debug and Programming User Guide (UG908).
set_property PROBES.FILE {} [get_hw_devices xc7z010_1]
set_property FULL_PROBES.FILE {} [get_hw_devices xc7z010_1]
set_property PROGRAM.FILE {/home/comparch/Desktop/Lab0/lab_0/lab_0.runs/impl_1/lab0_wrapper.bit} [get_hw_devices xc7z010_1]
program_hw_devices [get_hw_devices xc7z010_1]
INFO: [Labtools 27-3164] End of startup status: HIGH
refresh_hw_device [lindex [get_hw_devices xc7z010_1] 0]
INFO: [Labtools 27-1434] Device xc7z010 (JTAG device index = 1) is programmed with a design that has no supported debug core(s) in it.
WARNING: [Labtools 27-3361] The debug hub core was not detected.
Resolution: 
1. Make sure the clock connected to the debug hub (dbg_hub) core is a free running clock and is active.
2. Make sure the BSCAN_SWITCH_USER_MASK device property in Vivado Hardware Manager reflects the user scan chain setting in the design and refresh the device.  To determine the user scan chain setting in the design, open the implemented design and use 'get_property C_USER_SCAN_CHAIN [get_debug_cores dbg_hub]'.
For more details on setting the scan chain property, consult the Vivado Debug and Programming User Guide (UG908).
refresh_hw_device [lindex [get_hw_devices xc7z010_1] 0]
INFO: [Labtools 27-1434] Device xc7z010 (JTAG device index = 1) is programmed with a design that has no supported debug core(s) in it.
WARNING: [Labtools 27-3361] The debug hub core was not detected.
Resolution: 
1. Make sure the clock connected to the debug hub (dbg_hub) core is a free running clock and is active.
2. Make sure the BSCAN_SWITCH_USER_MASK device property in Vivado Hardware Manager reflects the user scan chain setting in the design and refresh the device.  To determine the user scan chain setting in the design, open the implemented design and use 'get_property C_USER_SCAN_CHAIN [get_debug_cores dbg_hub]'.
For more details on setting the scan chain property, consult the Vivado Debug and Programming User Guide (UG908).
ERROR: [Labtoolstcl 44-513] HW Target shutdown. Closing target: localhost:3121/xilinx_tcf/Digilent/210279652041A
disconnect_hw_server localhost:3121
connect_hw_server
INFO: [Labtools 27-2285] Connecting to hw_server url TCP:localhost:3121
ERROR: [Labtoolstcl 44-494] There is no active target available for server at localhost.
 Targets(s) ", jsn-Zybo-210279652041A" may be locked by another hw_server.
disconnect_hw_server localhost:3121
connect_hw_server
INFO: [Labtools 27-2285] Connecting to hw_server url TCP:localhost:3121
open_hw_target
INFO: [Labtoolstcl 44-466] Opening hw_target localhost:3121/xilinx_tcf/Digilent/210279652041A
set_property PROGRAM.FILE {/home/comparch/Desktop/Lab0/lab_0/lab_0.runs/impl_1/lab0_wrapper.bit} [get_hw_devices xc7z010_1]
current_hw_device [get_hw_devices xc7z010_1]
refresh_hw_device -update_hw_probes false [lindex [get_hw_devices xc7z010_1] 0]
INFO: [Labtools 27-1434] Device xc7z010 (JTAG device index = 1) is programmed with a design that has no supported debug core(s) in it.
WARNING: [Labtools 27-3361] The debug hub core was not detected.
Resolution: 
1. Make sure the clock connected to the debug hub (dbg_hub) core is a free running clock and is active.
2. Make sure the BSCAN_SWITCH_USER_MASK device property in Vivado Hardware Manager reflects the user scan chain setting in the design and refresh the device.  To determine the user scan chain setting in the design, open the implemented design and use 'get_property C_USER_SCAN_CHAIN [get_debug_cores dbg_hub]'.
For more details on setting the scan chain property, consult the Vivado Debug and Programming User Guide (UG908).
set_property PROBES.FILE {} [get_hw_devices xc7z010_1]
set_property FULL_PROBES.FILE {} [get_hw_devices xc7z010_1]
set_property PROGRAM.FILE {/home/comparch/Desktop/Lab0/lab_0/lab_0.runs/impl_1/lab0_wrapper.bit} [get_hw_devices xc7z010_1]
program_hw_devices [get_hw_devices xc7z010_1]
INFO: [Labtools 27-3164] End of startup status: HIGH
refresh_hw_device [lindex [get_hw_devices xc7z010_1] 0]
INFO: [Labtools 27-1434] Device xc7z010 (JTAG device index = 1) is programmed with a design that has no supported debug core(s) in it.
WARNING: [Labtools 27-3361] The debug hub core was not detected.
Resolution: 
1. Make sure the clock connected to the debug hub (dbg_hub) core is a free running clock and is active.
2. Make sure the BSCAN_SWITCH_USER_MASK device property in Vivado Hardware Manager reflects the user scan chain setting in the design and refresh the device.  To determine the user scan chain setting in the design, open the implemented design and use 'get_property C_USER_SCAN_CHAIN [get_debug_cores dbg_hub]'.
For more details on setting the scan chain property, consult the Vivado Debug and Programming User Guide (UG908).
