
*** Running vivado
    with args -log lab0_wrapper.vdi -applog -m64 -product Vivado -messageDb vivado.pb -mode batch -source lab0_wrapper.tcl -notrace


****** Vivado v2018.2 (64-bit)
  **** SW Build 2258646 on Thu Jun 14 20:02:38 MDT 2018
  **** IP Build 2256618 on Thu Jun 14 22:10:49 MDT 2018
    ** Copyright 1986-2018 Xilinx, Inc. All Rights Reserved.

source lab0_wrapper.tcl -notrace
Command: link_design -top lab0_wrapper -part xc7z010clg400-1
Design is defaulting to srcset: sources_1
Design is defaulting to constrset: constrs_1
INFO: [Netlist 29-17] Analyzing 9 Unisim elements for replacement
INFO: [Netlist 29-28] Unisim Transformation completed in 0 CPU seconds
INFO: [Project 1-479] Netlist was created with Vivado 2018.2
INFO: [Device 21-403] Loading part xc7z010clg400-1
INFO: [Project 1-570] Preparing netlist for logic optimization
Parsing XDC File [/home/comparch/Desktop/Lab0/lab_0/lab_0.srcs/constrs_1/imports/Lab0/ZYBO_Master.xdc]
CRITICAL WARNING: [Designutils 20-1307] Command 's' is not supported in the xdc constraint file. [/home/comparch/Desktop/Lab0/lab_0/lab_0.srcs/constrs_1/imports/Lab0/ZYBO_Master.xdc:1]
Finished Parsing XDC File [/home/comparch/Desktop/Lab0/lab_0/lab_0.srcs/constrs_1/imports/Lab0/ZYBO_Master.xdc]
INFO: [Opt 31-138] Pushed 0 inverter(s) to 0 load pin(s).
INFO: [Project 1-111] Unisim Transformation Summary:
No Unisim elements were transformed.

7 Infos, 0 Warnings, 1 Critical Warnings and 0 Errors encountered.
link_design completed successfully
link_design: Time (s): cpu = 00:00:15 ; elapsed = 00:00:41 . Memory (MB): peak = 1431.926 ; gain = 246.574 ; free physical = 6346 ; free virtual = 9129
Command: opt_design
Attempting to get a license for feature 'Implementation' and/or device 'xc7z010'
INFO: [Common 17-349] Got license for feature 'Implementation' and/or device 'xc7z010'
Running DRC as a precondition to command opt_design

Starting DRC Task
INFO: [DRC 23-27] Running DRC with 4 threads
INFO: [Project 1-461] DRC finished with 0 Errors
INFO: [Project 1-462] Please refer to the DRC report (report_drc) for more information.

Time (s): cpu = 00:00:03 ; elapsed = 00:00:03 . Memory (MB): peak = 1486.941 ; gain = 55.016 ; free physical = 6339 ; free virtual = 9122

Starting Cache Timing Information Task
INFO: [Timing 38-35] Done setting XDC timing constraints.
Ending Cache Timing Information Task | Checksum: 106507842

Time (s): cpu = 00:00:23 ; elapsed = 00:00:42 . Memory (MB): peak = 1908.504 ; gain = 421.562 ; free physical = 5954 ; free virtual = 8753

Starting Logic Optimization Task

Phase 1 Retarget
INFO: [Opt 31-138] Pushed 0 inverter(s) to 0 load pin(s).
INFO: [Opt 31-49] Retargeted 0 cell(s).
Phase 1 Retarget | Checksum: 106507842

Time (s): cpu = 00:00:00.01 ; elapsed = 00:00:00.03 . Memory (MB): peak = 1908.504 ; gain = 0.000 ; free physical = 5954 ; free virtual = 8753
INFO: [Opt 31-389] Phase Retarget created 0 cells and removed 0 cells

Phase 2 Constant propagation
INFO: [Opt 31-138] Pushed 0 inverter(s) to 0 load pin(s).
Phase 2 Constant propagation | Checksum: 106507842

Time (s): cpu = 00:00:00.01 ; elapsed = 00:00:00.03 . Memory (MB): peak = 1908.504 ; gain = 0.000 ; free physical = 5954 ; free virtual = 8753
INFO: [Opt 31-389] Phase Constant propagation created 0 cells and removed 0 cells

Phase 3 Sweep
Phase 3 Sweep | Checksum: 106507842

Time (s): cpu = 00:00:00.02 ; elapsed = 00:00:00.03 . Memory (MB): peak = 1908.504 ; gain = 0.000 ; free physical = 5954 ; free virtual = 8753
INFO: [Opt 31-389] Phase Sweep created 0 cells and removed 0 cells

Phase 4 BUFG optimization
Phase 4 BUFG optimization | Checksum: 106507842

Time (s): cpu = 00:00:00.02 ; elapsed = 00:00:00.04 . Memory (MB): peak = 1908.504 ; gain = 0.000 ; free physical = 5953 ; free virtual = 8752
INFO: [Opt 31-662] Phase BUFG optimization created 0 cells of which 0 are BUFGs and removed 0 cells.

Phase 5 Shift Register Optimization
Phase 5 Shift Register Optimization | Checksum: 106507842

Time (s): cpu = 00:00:00.02 ; elapsed = 00:00:00.04 . Memory (MB): peak = 1908.504 ; gain = 0.000 ; free physical = 5953 ; free virtual = 8752
INFO: [Opt 31-389] Phase Shift Register Optimization created 0 cells and removed 0 cells

Phase 6 Post Processing Netlist
Phase 6 Post Processing Netlist | Checksum: 106507842

Time (s): cpu = 00:00:00.02 ; elapsed = 00:00:00.04 . Memory (MB): peak = 1908.504 ; gain = 0.000 ; free physical = 5953 ; free virtual = 8752
INFO: [Opt 31-389] Phase Post Processing Netlist created 0 cells and removed 0 cells

Starting Connectivity Check Task

Time (s): cpu = 00:00:00 ; elapsed = 00:00:00 . Memory (MB): peak = 1908.504 ; gain = 0.000 ; free physical = 5953 ; free virtual = 8752
Ending Logic Optimization Task | Checksum: 106507842

Time (s): cpu = 00:00:00.02 ; elapsed = 00:00:00.05 . Memory (MB): peak = 1908.504 ; gain = 0.000 ; free physical = 5953 ; free virtual = 8752

Starting Power Optimization Task
INFO: [Pwropt 34-132] Skipping clock gating for clocks with a period < 2.00 ns.
Ending Power Optimization Task | Checksum: 106507842

Time (s): cpu = 00:00:00.01 ; elapsed = 00:00:00.03 . Memory (MB): peak = 1908.504 ; gain = 0.000 ; free physical = 5953 ; free virtual = 8753

Starting Final Cleanup Task
Ending Final Cleanup Task | Checksum: 106507842

Time (s): cpu = 00:00:00 ; elapsed = 00:00:00 . Memory (MB): peak = 1908.504 ; gain = 0.000 ; free physical = 5953 ; free virtual = 8753
INFO: [Common 17-83] Releasing license: Implementation
23 Infos, 0 Warnings, 1 Critical Warnings and 0 Errors encountered.
opt_design completed successfully
opt_design: Time (s): cpu = 00:00:26 ; elapsed = 00:00:45 . Memory (MB): peak = 1908.504 ; gain = 476.578 ; free physical = 5953 ; free virtual = 8753
INFO: [Timing 38-480] Writing timing data to binary archive.
Writing placer database...
Writing XDEF routing.
Writing XDEF routing logical nets.
Writing XDEF routing special nets.
Write XDEF Complete: Time (s): cpu = 00:00:00.06 ; elapsed = 00:00:00.05 . Memory (MB): peak = 1940.520 ; gain = 0.000 ; free physical = 5949 ; free virtual = 8749
INFO: [Common 17-1381] The checkpoint '/home/comparch/Desktop/Lab0/lab_0/lab_0.runs/impl_1/lab0_wrapper_opt.dcp' has been generated.
INFO: [runtcl-4] Executing : report_drc -file lab0_wrapper_drc_opted.rpt -pb lab0_wrapper_drc_opted.pb -rpx lab0_wrapper_drc_opted.rpx
Command: report_drc -file lab0_wrapper_drc_opted.rpt -pb lab0_wrapper_drc_opted.pb -rpx lab0_wrapper_drc_opted.rpx
INFO: [IP_Flow 19-234] Refreshing IP repositories
INFO: [IP_Flow 19-1704] No user IP repositories specified
INFO: [IP_Flow 19-2313] Loaded Vivado IP repository '/opt/Xilinx/Vivado/2018.2/data/ip'.
INFO: [DRC 23-27] Running DRC with 4 threads
INFO: [Coretcl 2-168] The results of DRC are in file /home/comparch/Desktop/Lab0/lab_0/lab_0.runs/impl_1/lab0_wrapper_drc_opted.rpt.
report_drc completed successfully
report_drc: Time (s): cpu = 00:00:07 ; elapsed = 00:00:06 . Memory (MB): peak = 1996.547 ; gain = 56.027 ; free physical = 5907 ; free virtual = 8707
Command: place_design
Attempting to get a license for feature 'Implementation' and/or device 'xc7z010'
INFO: [Common 17-349] Got license for feature 'Implementation' and/or device 'xc7z010'
INFO: [DRC 23-27] Running DRC with 4 threads
INFO: [Vivado_Tcl 4-198] DRC finished with 0 Errors
INFO: [Vivado_Tcl 4-199] Please refer to the DRC report (report_drc) for more information.
Running DRC as a precondition to command place_design
INFO: [DRC 23-27] Running DRC with 4 threads
INFO: [Vivado_Tcl 4-198] DRC finished with 0 Errors
INFO: [Vivado_Tcl 4-199] Please refer to the DRC report (report_drc) for more information.

Starting Placer Task
INFO: [Place 30-611] Multithreading enabled for place_design using a maximum of 4 CPUs

Phase 1 Placer Initialization

Phase 1.1 Placer Initialization Netlist Sorting
Netlist sorting complete. Time (s): cpu = 00:00:00 ; elapsed = 00:00:00 . Memory (MB): peak = 1996.547 ; gain = 0.000 ; free physical = 5905 ; free virtual = 8706
Phase 1.1 Placer Initialization Netlist Sorting | Checksum: ea6ab14d

Time (s): cpu = 00:00:00.01 ; elapsed = 00:00:00.01 . Memory (MB): peak = 1996.547 ; gain = 0.000 ; free physical = 5905 ; free virtual = 8706
Netlist sorting complete. Time (s): cpu = 00:00:00 ; elapsed = 00:00:00 . Memory (MB): peak = 1996.547 ; gain = 0.000 ; free physical = 5906 ; free virtual = 8706

Phase 1.2 IO Placement/ Clock Placement/ Build Placer Device
INFO: [Timing 38-35] Done setting XDC timing constraints.
Phase 1.2 IO Placement/ Clock Placement/ Build Placer Device | Checksum: 18931eb53

Time (s): cpu = 00:00:01 ; elapsed = 00:00:00.91 . Memory (MB): peak = 1996.547 ; gain = 0.000 ; free physical = 5899 ; free virtual = 8703

Phase 1.3 Build Placer Netlist Model
Phase 1.3 Build Placer Netlist Model | Checksum: 21a08e03e

Time (s): cpu = 00:00:02 ; elapsed = 00:00:00.98 . Memory (MB): peak = 1996.547 ; gain = 0.000 ; free physical = 5899 ; free virtual = 8703

Phase 1.4 Constrain Clocks/Macros
Phase 1.4 Constrain Clocks/Macros | Checksum: 21a08e03e

Time (s): cpu = 00:00:02 ; elapsed = 00:00:00.99 . Memory (MB): peak = 1996.547 ; gain = 0.000 ; free physical = 5899 ; free virtual = 8703
Phase 1 Placer Initialization | Checksum: 21a08e03e

Time (s): cpu = 00:00:02 ; elapsed = 00:00:00.99 . Memory (MB): peak = 1996.547 ; gain = 0.000 ; free physical = 5899 ; free virtual = 8703

Phase 2 Global Placement

Phase 2.1 Floorplanning
Phase 2.1 Floorplanning | Checksum: 21a08e03e

Time (s): cpu = 00:00:02 ; elapsed = 00:00:01 . Memory (MB): peak = 1996.547 ; gain = 0.000 ; free physical = 5897 ; free virtual = 8701
WARNING: [Place 46-29] place_design is not in timing mode. Skip physical synthesis in placer
Phase 2 Global Placement | Checksum: 230f4953c

Time (s): cpu = 00:00:03 ; elapsed = 00:00:02 . Memory (MB): peak = 1996.547 ; gain = 0.000 ; free physical = 5892 ; free virtual = 8697

Phase 3 Detail Placement

Phase 3.1 Commit Multi Column Macros
Phase 3.1 Commit Multi Column Macros | Checksum: 230f4953c

Time (s): cpu = 00:00:03 ; elapsed = 00:00:02 . Memory (MB): peak = 1996.547 ; gain = 0.000 ; free physical = 5892 ; free virtual = 8697

Phase 3.2 Commit Most Macros & LUTRAMs
Phase 3.2 Commit Most Macros & LUTRAMs | Checksum: 279c48365

Time (s): cpu = 00:00:03 ; elapsed = 00:00:02 . Memory (MB): peak = 1996.547 ; gain = 0.000 ; free physical = 5891 ; free virtual = 8696

Phase 3.3 Area Swap Optimization
Phase 3.3 Area Swap Optimization | Checksum: 1a3b479db

Time (s): cpu = 00:00:03 ; elapsed = 00:00:02 . Memory (MB): peak = 1996.547 ; gain = 0.000 ; free physical = 5891 ; free virtual = 8696

Phase 3.4 Pipeline Register Optimization
Phase 3.4 Pipeline Register Optimization | Checksum: 1a3b479db

Time (s): cpu = 00:00:03 ; elapsed = 00:00:02 . Memory (MB): peak = 1996.547 ; gain = 0.000 ; free physical = 5891 ; free virtual = 8696

Phase 3.5 Small Shape Detail Placement
Phase 3.5 Small Shape Detail Placement | Checksum: 1cf6f2724

Time (s): cpu = 00:00:04 ; elapsed = 00:00:02 . Memory (MB): peak = 1996.547 ; gain = 0.000 ; free physical = 5889 ; free virtual = 8695

Phase 3.6 Re-assign LUT pins
Phase 3.6 Re-assign LUT pins | Checksum: 1cf6f2724

Time (s): cpu = 00:00:04 ; elapsed = 00:00:02 . Memory (MB): peak = 1996.547 ; gain = 0.000 ; free physical = 5889 ; free virtual = 8695

Phase 3.7 Pipeline Register Optimization
Phase 3.7 Pipeline Register Optimization | Checksum: 1cf6f2724

Time (s): cpu = 00:00:04 ; elapsed = 00:00:02 . Memory (MB): peak = 1996.547 ; gain = 0.000 ; free physical = 5889 ; free virtual = 8695
Phase 3 Detail Placement | Checksum: 1cf6f2724

Time (s): cpu = 00:00:04 ; elapsed = 00:00:02 . Memory (MB): peak = 1996.547 ; gain = 0.000 ; free physical = 5889 ; free virtual = 8695

Phase 4 Post Placement Optimization and Clean-Up

Phase 4.1 Post Commit Optimization
Phase 4.1 Post Commit Optimization | Checksum: 1cf6f2724

Time (s): cpu = 00:00:04 ; elapsed = 00:00:02 . Memory (MB): peak = 1996.547 ; gain = 0.000 ; free physical = 5889 ; free virtual = 8695

Phase 4.2 Post Placement Cleanup
Phase 4.2 Post Placement Cleanup | Checksum: 1cf6f2724

Time (s): cpu = 00:00:04 ; elapsed = 00:00:02 . Memory (MB): peak = 1996.547 ; gain = 0.000 ; free physical = 5890 ; free virtual = 8695

Phase 4.3 Placer Reporting
Phase 4.3 Placer Reporting | Checksum: 1cf6f2724

Time (s): cpu = 00:00:04 ; elapsed = 00:00:02 . Memory (MB): peak = 1996.547 ; gain = 0.000 ; free physical = 5890 ; free virtual = 8695

Phase 4.4 Final Placement Cleanup
Phase 4.4 Final Placement Cleanup | Checksum: 16f9a5ead

Time (s): cpu = 00:00:04 ; elapsed = 00:00:02 . Memory (MB): peak = 1996.547 ; gain = 0.000 ; free physical = 5890 ; free virtual = 8695
Phase 4 Post Placement Optimization and Clean-Up | Checksum: 16f9a5ead

Time (s): cpu = 00:00:04 ; elapsed = 00:00:02 . Memory (MB): peak = 1996.547 ; gain = 0.000 ; free physical = 5890 ; free virtual = 8695
Ending Placer Task | Checksum: 9b3b2135

Time (s): cpu = 00:00:04 ; elapsed = 00:00:02 . Memory (MB): peak = 1996.547 ; gain = 0.000 ; free physical = 5893 ; free virtual = 8698
INFO: [Common 17-83] Releasing license: Implementation
41 Infos, 1 Warnings, 1 Critical Warnings and 0 Errors encountered.
place_design completed successfully
INFO: [Timing 38-480] Writing timing data to binary archive.
Writing placer database...
Writing XDEF routing.
Writing XDEF routing logical nets.
Writing XDEF routing special nets.
Write XDEF Complete: Time (s): cpu = 00:00:00.10 ; elapsed = 00:00:00.05 . Memory (MB): peak = 1996.547 ; gain = 0.000 ; free physical = 5891 ; free virtual = 8698
INFO: [Common 17-1381] The checkpoint '/home/comparch/Desktop/Lab0/lab_0/lab_0.runs/impl_1/lab0_wrapper_placed.dcp' has been generated.
INFO: [runtcl-4] Executing : report_io -file lab0_wrapper_io_placed.rpt
report_io: Time (s): cpu = 00:00:00.34 ; elapsed = 00:00:00.42 . Memory (MB): peak = 1996.547 ; gain = 0.000 ; free physical = 5882 ; free virtual = 8687
INFO: [runtcl-4] Executing : report_utilization -file lab0_wrapper_utilization_placed.rpt -pb lab0_wrapper_utilization_placed.pb
report_utilization: Time (s): cpu = 00:00:00.16 ; elapsed = 00:00:00.22 . Memory (MB): peak = 1996.547 ; gain = 0.000 ; free physical = 5890 ; free virtual = 8696
INFO: [runtcl-4] Executing : report_control_sets -verbose -file lab0_wrapper_control_sets_placed.rpt
report_control_sets: Time (s): cpu = 00:00:00.10 ; elapsed = 00:00:00.14 . Memory (MB): peak = 1996.547 ; gain = 0.000 ; free physical = 5891 ; free virtual = 8696
Command: route_design
Attempting to get a license for feature 'Implementation' and/or device 'xc7z010'
INFO: [Common 17-349] Got license for feature 'Implementation' and/or device 'xc7z010'
Running DRC as a precondition to command route_design
INFO: [DRC 23-27] Running DRC with 4 threads
INFO: [Vivado_Tcl 4-198] DRC finished with 0 Errors
INFO: [Vivado_Tcl 4-199] Please refer to the DRC report (report_drc) for more information.


Starting Routing Task
INFO: [Route 35-254] Multithreading enabled for route_design using a maximum of 4 CPUs
Checksum: PlaceDB: 50292c1d ConstDB: 0 ShapeSum: 4b11f518 RouteDB: 0

Phase 1 Build RT Design
Phase 1 Build RT Design | Checksum: b3fd0b50

Time (s): cpu = 00:00:22 ; elapsed = 00:00:21 . Memory (MB): peak = 2021.711 ; gain = 25.164 ; free physical = 5810 ; free virtual = 8616
Post Restoration Checksum: NetGraph: a727e251 NumContArr: cd528ff Constraints: 0 Timing: 0

Phase 2 Router Initialization
INFO: [Route 35-64] No timing constraints were detected. The router will operate in resource-optimization mode.

Phase 2.1 Fix Topology Constraints
Phase 2.1 Fix Topology Constraints | Checksum: b3fd0b50

Time (s): cpu = 00:00:22 ; elapsed = 00:00:21 . Memory (MB): peak = 2034.711 ; gain = 38.164 ; free physical = 5795 ; free virtual = 8601

Phase 2.2 Pre Route Cleanup
Phase 2.2 Pre Route Cleanup | Checksum: b3fd0b50

Time (s): cpu = 00:00:22 ; elapsed = 00:00:21 . Memory (MB): peak = 2034.711 ; gain = 38.164 ; free physical = 5795 ; free virtual = 8601
 Number of Nodes with overlaps = 0
Phase 2 Router Initialization | Checksum: 60b5e8c7

Time (s): cpu = 00:00:22 ; elapsed = 00:00:21 . Memory (MB): peak = 2040.711 ; gain = 44.164 ; free physical = 5789 ; free virtual = 8596

Phase 3 Initial Routing
Phase 3 Initial Routing | Checksum: eda63a17

Time (s): cpu = 00:00:23 ; elapsed = 00:00:21 . Memory (MB): peak = 2040.711 ; gain = 44.164 ; free physical = 5789 ; free virtual = 8596

Phase 4 Rip-up And Reroute

Phase 4.1 Global Iteration 0
 Number of Nodes with overlaps = 1
 Number of Nodes with overlaps = 0
Phase 4.1 Global Iteration 0 | Checksum: 131926bbe

Time (s): cpu = 00:00:23 ; elapsed = 00:00:21 . Memory (MB): peak = 2040.711 ; gain = 44.164 ; free physical = 5789 ; free virtual = 8596
Phase 4 Rip-up And Reroute | Checksum: 131926bbe

Time (s): cpu = 00:00:23 ; elapsed = 00:00:21 . Memory (MB): peak = 2040.711 ; gain = 44.164 ; free physical = 5789 ; free virtual = 8596

Phase 5 Delay and Skew Optimization
Phase 5 Delay and Skew Optimization | Checksum: 131926bbe

Time (s): cpu = 00:00:23 ; elapsed = 00:00:21 . Memory (MB): peak = 2040.711 ; gain = 44.164 ; free physical = 5789 ; free virtual = 8596

Phase 6 Post Hold Fix

Phase 6.1 Hold Fix Iter
Phase 6.1 Hold Fix Iter | Checksum: 131926bbe

Time (s): cpu = 00:00:23 ; elapsed = 00:00:21 . Memory (MB): peak = 2040.711 ; gain = 44.164 ; free physical = 5789 ; free virtual = 8596
Phase 6 Post Hold Fix | Checksum: 131926bbe

Time (s): cpu = 00:00:23 ; elapsed = 00:00:21 . Memory (MB): peak = 2040.711 ; gain = 44.164 ; free physical = 5789 ; free virtual = 8596

Phase 7 Route finalize

Router Utilization Summary
  Global Vertical Routing Utilization    = 0.0541948 %
  Global Horizontal Routing Utilization  = 0.00735294 %
  Routable Net Status*
  *Does not include unroutable nets such as driverless and loadless.
  Run report_route_status for detailed report.
  Number of Failed Nets               = 0
  Number of Unrouted Nets             = 0
  Number of Partially Routed Nets     = 0
  Number of Node Overlaps             = 0

Congestion Report
North Dir 1x1 Area, Max Cong = 16.2162%, No Congested Regions.
South Dir 1x1 Area, Max Cong = 27.027%, No Congested Regions.
East Dir 1x1 Area, Max Cong = 2.94118%, No Congested Regions.
West Dir 1x1 Area, Max Cong = 5.88235%, No Congested Regions.

------------------------------
Reporting congestion hotspots
------------------------------
Direction: North
----------------
Congested clusters found at Level 0
Effective congestion level: 0 Aspect Ratio: 1 Sparse Ratio: 0
Direction: South
----------------
Congested clusters found at Level 0
Effective congestion level: 0 Aspect Ratio: 1 Sparse Ratio: 0
Direction: East
----------------
Congested clusters found at Level 0
Effective congestion level: 0 Aspect Ratio: 1 Sparse Ratio: 0
Direction: West
----------------
Congested clusters found at Level 0
Effective congestion level: 0 Aspect Ratio: 1 Sparse Ratio: 0

Phase 7 Route finalize | Checksum: 131926bbe

Time (s): cpu = 00:00:23 ; elapsed = 00:00:21 . Memory (MB): peak = 2040.711 ; gain = 44.164 ; free physical = 5789 ; free virtual = 8596

Phase 8 Verifying routed nets

 Verification completed successfully
Phase 8 Verifying routed nets | Checksum: 131926bbe

Time (s): cpu = 00:00:23 ; elapsed = 00:00:21 . Memory (MB): peak = 2042.711 ; gain = 46.164 ; free physical = 5789 ; free virtual = 8595

Phase 9 Depositing Routes
Phase 9 Depositing Routes | Checksum: 1624eee23

Time (s): cpu = 00:00:23 ; elapsed = 00:00:21 . Memory (MB): peak = 2042.711 ; gain = 46.164 ; free physical = 5789 ; free virtual = 8595
INFO: [Route 35-16] Router Completed Successfully

Time (s): cpu = 00:00:23 ; elapsed = 00:00:21 . Memory (MB): peak = 2042.711 ; gain = 46.164 ; free physical = 5804 ; free virtual = 8611

Routing Is Done.
INFO: [Common 17-83] Releasing license: Implementation
54 Infos, 1 Warnings, 1 Critical Warnings and 0 Errors encountered.
route_design completed successfully
route_design: Time (s): cpu = 00:00:27 ; elapsed = 00:00:24 . Memory (MB): peak = 2042.711 ; gain = 46.164 ; free physical = 5804 ; free virtual = 8611
INFO: [Timing 38-480] Writing timing data to binary archive.
Writing placer database...
Writing XDEF routing.
Writing XDEF routing logical nets.
Writing XDEF routing special nets.
Write XDEF Complete: Time (s): cpu = 00:00:00.08 ; elapsed = 00:00:00.05 . Memory (MB): peak = 2042.711 ; gain = 0.000 ; free physical = 5801 ; free virtual = 8609
INFO: [Common 17-1381] The checkpoint '/home/comparch/Desktop/Lab0/lab_0/lab_0.runs/impl_1/lab0_wrapper_routed.dcp' has been generated.
INFO: [runtcl-4] Executing : report_drc -file lab0_wrapper_drc_routed.rpt -pb lab0_wrapper_drc_routed.pb -rpx lab0_wrapper_drc_routed.rpx
Command: report_drc -file lab0_wrapper_drc_routed.rpt -pb lab0_wrapper_drc_routed.pb -rpx lab0_wrapper_drc_routed.rpx
INFO: [DRC 23-27] Running DRC with 4 threads
INFO: [Coretcl 2-168] The results of DRC are in file /home/comparch/Desktop/Lab0/lab_0/lab_0.runs/impl_1/lab0_wrapper_drc_routed.rpt.
report_drc completed successfully
INFO: [runtcl-4] Executing : report_methodology -file lab0_wrapper_methodology_drc_routed.rpt -pb lab0_wrapper_methodology_drc_routed.pb -rpx lab0_wrapper_methodology_drc_routed.rpx
Command: report_methodology -file lab0_wrapper_methodology_drc_routed.rpt -pb lab0_wrapper_methodology_drc_routed.pb -rpx lab0_wrapper_methodology_drc_routed.rpx
INFO: [Timing 38-35] Done setting XDC timing constraints.
INFO: [Timing 38-35] Done setting XDC timing constraints.
INFO: [DRC 23-133] Running Methodology with 4 threads
INFO: [Coretcl 2-1520] The results of Report Methodology are in file /home/comparch/Desktop/Lab0/lab_0/lab_0.runs/impl_1/lab0_wrapper_methodology_drc_routed.rpt.
report_methodology completed successfully
INFO: [runtcl-4] Executing : report_power -file lab0_wrapper_power_routed.rpt -pb lab0_wrapper_power_summary_routed.pb -rpx lab0_wrapper_power_routed.rpx
Command: report_power -file lab0_wrapper_power_routed.rpt -pb lab0_wrapper_power_summary_routed.pb -rpx lab0_wrapper_power_routed.rpx
WARNING: [Power 33-232] No user defined clocks were found in the design!
Resolution: Please specify clocks using create_clock/create_generated_clock for sequential elements. For pure combinatorial circuits, please specify a virtual clock, otherwise the vectorless estimation might be inaccurate
INFO: [Timing 38-35] Done setting XDC timing constraints.
Running Vector-less Activity Propagation...

Finished Running Vector-less Activity Propagation
66 Infos, 2 Warnings, 1 Critical Warnings and 0 Errors encountered.
report_power completed successfully
INFO: [runtcl-4] Executing : report_route_status -file lab0_wrapper_route_status.rpt -pb lab0_wrapper_route_status.pb
INFO: [runtcl-4] Executing : report_timing_summary -max_paths 10 -file lab0_wrapper_timing_summary_routed.rpt -pb lab0_wrapper_timing_summary_routed.pb -rpx lab0_wrapper_timing_summary_routed.rpx -warn_on_violation 
INFO: [Timing 38-91] UpdateTimingParams: Speed grade: -1, Delay Type: min_max, Timing Stage: Requireds.
INFO: [Timing 38-191] Multithreading enabled for timing update using a maximum of 4 CPUs
WARNING: [Timing 38-313] There are no user specified timing constraints. Timing constraints are needed for proper timing analysis.
INFO: [runtcl-4] Executing : report_incremental_reuse -file lab0_wrapper_incremental_reuse_routed.rpt
INFO: [Vivado_Tcl 4-545] No incremental reuse to report, no incremental placement and routing data was found.
INFO: [runtcl-4] Executing : report_clock_utilization -file lab0_wrapper_clock_utilization_routed.rpt
INFO: [runtcl-4] Executing : report_bus_skew -warn_on_violation -file lab0_wrapper_bus_skew_routed.rpt -pb lab0_wrapper_bus_skew_routed.pb -rpx lab0_wrapper_bus_skew_routed.rpx
INFO: [Timing 38-91] UpdateTimingParams: Speed grade: -1, Delay Type: min_max, Timing Stage: Requireds.
INFO: [Timing 38-191] Multithreading enabled for timing update using a maximum of 4 CPUs
INFO: [Common 17-206] Exiting Vivado at Wed Sep 26 13:59:00 2018...

*** Running vivado
    with args -log lab0_wrapper.vdi -applog -m64 -product Vivado -messageDb vivado.pb -mode batch -source lab0_wrapper.tcl -notrace


****** Vivado v2018.2 (64-bit)
  **** SW Build 2258646 on Thu Jun 14 20:02:38 MDT 2018
  **** IP Build 2256618 on Thu Jun 14 22:10:49 MDT 2018
    ** Copyright 1986-2018 Xilinx, Inc. All Rights Reserved.

source lab0_wrapper.tcl -notrace
Command: open_checkpoint lab0_wrapper_routed.dcp

Starting open_checkpoint Task

Time (s): cpu = 00:00:00.09 ; elapsed = 00:00:00.15 . Memory (MB): peak = 1183.332 ; gain = 0.000 ; free physical = 6536 ; free virtual = 9361
INFO: [Netlist 29-17] Analyzing 9 Unisim elements for replacement
INFO: [Netlist 29-28] Unisim Transformation completed in 0 CPU seconds
INFO: [Project 1-479] Netlist was created with Vivado 2018.2
INFO: [Device 21-403] Loading part xc7z010clg400-1
INFO: [Project 1-570] Preparing netlist for logic optimization
INFO: [Timing 38-478] Restoring timing data from binary archive.
INFO: [Timing 38-479] Binary timing data restore complete.
INFO: [Project 1-856] Restoring constraints from binary archive.
INFO: [Project 1-853] Binary constraint restore complete.
Reading XDEF placement.
Reading placer database...
Reading XDEF routing.
Read XDEF File: Time (s): cpu = 00:00:00.20 ; elapsed = 00:00:00.33 . Memory (MB): peak = 1846.637 ; gain = 0.000 ; free physical = 5844 ; free virtual = 8653
Restored from archive | CPU: 0.340000 secs | Memory: 0.957710 MB |
Finished XDEF File Restore: Time (s): cpu = 00:00:00.20 ; elapsed = 00:00:00.33 . Memory (MB): peak = 1846.637 ; gain = 0.000 ; free physical = 5844 ; free virtual = 8653
INFO: [Project 1-111] Unisim Transformation Summary:
No Unisim elements were transformed.

INFO: [Project 1-604] Checkpoint was created with Vivado v2018.2 (64-bit) build 2258646
open_checkpoint: Time (s): cpu = 00:00:40 ; elapsed = 00:01:23 . Memory (MB): peak = 1846.637 ; gain = 663.305 ; free physical = 5843 ; free virtual = 8653
Command: write_bitstream -force lab0_wrapper.bit
Attempting to get a license for feature 'Implementation' and/or device 'xc7z010'
INFO: [Common 17-349] Got license for feature 'Implementation' and/or device 'xc7z010'
Running DRC as a precondition to command write_bitstream
INFO: [IP_Flow 19-234] Refreshing IP repositories
INFO: [IP_Flow 19-1704] No user IP repositories specified
INFO: [IP_Flow 19-2313] Loaded Vivado IP repository '/opt/Xilinx/Vivado/2018.2/data/ip'.
INFO: [DRC 23-27] Running DRC with 4 threads
WARNING: [DRC ZPS7-1] PS7 block required: The PS7 cell must be used in this Zynq design in order to enable correct default configuration.
INFO: [Vivado 12-3199] DRC finished with 0 Errors, 1 Warnings
INFO: [Vivado 12-3200] Please refer to the DRC report (report_drc) for more information.
INFO: [Designutils 20-2272] Running write_bitstream with 4 threads.
Loading data files...
Loading site data...
Loading route data...
Processing options...
Creating bitmap...
Creating bitstream...
Writing bitstream ./lab0_wrapper.bit...
INFO: [Vivado 12-1842] Bitgen Completed Successfully.
INFO: [Project 1-120] WebTalk data collection is mandatory when using a WebPACK part without a full Vivado license. To see the specific WebTalk data collected for your design, open the usage_statistics_webtalk.html or usage_statistics_webtalk.xml file in the implementation directory.
INFO: [Common 17-186] '/home/comparch/Desktop/Lab0/lab_0/lab_0.runs/impl_1/usage_statistics_webtalk.xml' has been successfully sent to Xilinx on Wed Sep 26 14:01:14 2018. For additional details about this file, please refer to the WebTalk help file at /opt/Xilinx/Vivado/2018.2/doc/webtalk_introduction.html.
INFO: [Common 17-83] Releasing license: Implementation
23 Infos, 1 Warnings, 0 Critical Warnings and 0 Errors encountered.
write_bitstream completed successfully
write_bitstream: Time (s): cpu = 00:00:26 ; elapsed = 00:00:31 . Memory (MB): peak = 2274.105 ; gain = 427.469 ; free physical = 5692 ; free virtual = 8515
INFO: [Common 17-206] Exiting Vivado at Wed Sep 26 14:01:14 2018...
